[direct: mongos] yelp-academic> db.user.getShardDistribution()
Shard shard-0 at shard-0/shard-0-primary:27017,shard-0-secondary:27017
{
  data: '2.51MiB',
  docs: 524,
  chunks: 2,
  'estimated data per chunk': '1.25MiB',
  'estimated docs per chunk': 262
}
---
Shard shard-1 at shard-1/shard-1-primary:27017,shard-1-secondary:27017
{
  data: '1.9MiB',
  docs: 476,
  chunks: 2,
  'estimated data per chunk': '973KiB',
  'estimated docs per chunk': 238
}
---
Totals
{
  data: '4.41MiB',
  docs: 1000,
  chunks: 4,
  'Shard shard-0': [
    '56.91 % data',
    '52.4 % docs in cluster',
    '4KiB avg obj size on shard'
  ],
  'Shard shard-1': [
    '43.08 % data',
    '47.6 % docs in cluster',
    '4KiB avg obj size on shard'
  ]
}

[direct: mongos] yelp-academic> db.tip.getShardDistribution()
Shard shard-0 at shard-0/shard-0-primary:27017,shard-0-secondary:27017
{
  data: '79KiB',
  docs: 366,
  chunks: 2,
  'estimated data per chunk': '39KiB',
  'estimated docs per chunk': 183
}
---
Shard shard-1 at shard-1/shard-1-primary:27017,shard-1-secondary:27017
{
  data: '66KiB',
  docs: 314,
  chunks: 2,
  'estimated data per chunk': '33KiB',
  'estimated docs per chunk': 157
}
---
Totals
{
  data: '145KiB',
  docs: 680,
  chunks: 4,
  'Shard shard-0': [
    '54.35 % data',
    '53.82 % docs in cluster',
    '221B avg obj size on shard'
  ],
  'Shard shard-1': [
    '45.64 % data',
    '46.17 % docs in cluster',
    '216B avg obj size on shard'
  ]
}

[direct: mongos] yelp-academic> db.review.getShardDistribution()
Shard shard-1 at shard-1/shard-1-primary:27017,shard-1-secondary:27017
{
  data: '1.99MiB',
  docs: 2491,
  chunks: 2,
  'estimated data per chunk': '1019KiB',
  'estimated docs per chunk': 1245
}
---
Shard shard-0 at shard-0/shard-0-primary:27017,shard-0-secondary:27017
{
  data: '1.96MiB',
  docs: 2445,
  chunks: 2,
  'estimated data per chunk': '1004KiB',
  'estimated docs per chunk': 1222
}
---
Totals
{
  data: '3.95MiB',
  docs: 4936,
  chunks: 4,
  'Shard shard-1': [
    '50.38 % data',
    '50.46 % docs in cluster',
    '838B avg obj size on shard'
  ],
  'Shard shard-0': [
    '49.61 % data',
    '49.53 % docs in cluster',
    '841B avg obj size on shard'
  ]
}

[direct: mongos] yelp-academic> db.business.getShardDistribution()
Shard shard-1 at shard-1/shard-1-primary:27017,shard-1-secondary:27017
{
  data: '2.4MiB',
  docs: 2105,
  chunks: 2,
  'estimated data per chunk': '1.2MiB',
  'estimated docs per chunk': 1052
}
---
Shard shard-0 at shard-0/shard-0-primary:27017,shard-0-secondary:27017
{
  data: '2.44MiB',
  docs: 2134,
  chunks: 2,
  'estimated data per chunk': '1.22MiB',
  'estimated docs per chunk': 1067
}
---
Totals
{
  data: '4.85MiB',
  docs: 4239,
  chunks: 4,
  'Shard shard-1': [
    '49.53 % data',
    '49.65 % docs in cluster',
    '1KiB avg obj size on shard'
  ],
  'Shard shard-0': [
    '50.46 % data',
    '50.34 % docs in cluster',
    '1KiB avg obj size on shard'
  ]
}
